Watching for file changes with StatReloader
Watching for file changes with StatReloader
"GET / HTTP/1.1" 200 5145
Not Found: /favicon.ico
"GET /favicon.ico HTTP/1.1" 404 5304
"GET /admin/ HTTP/1.1" 302 0
"GET /admin/login/?next=/admin/ HTTP/1.1" 200 4185
"GET /static/admin/css/base.css HTTP/1.1" 200 21207
"GET /static/admin/css/login.css HTTP/1.1" 200 958
"GET /static/admin/css/nav_sidebar.css HTTP/1.1" 200 2694
"GET /static/admin/css/responsive.css HTTP/1.1" 200 18533
"GET /static/admin/css/dark_mode.css HTTP/1.1" 200 2929
"GET /static/admin/js/nav_sidebar.js HTTP/1.1" 200 3063
"GET /static/admin/js/theme.js HTTP/1.1" 200 1943
"POST /admin/login/?next=/admin/ HTTP/1.1" 302 0
"GET /admin/ HTTP/1.1" 200 14000
"GET /static/admin/css/dashboard.css HTTP/1.1" 200 441
"GET /static/admin/img/icon-changelink.svg HTTP/1.1" 200 380
"GET /static/admin/img/icon-addlink.svg HTTP/1.1" 200 331
"GET /admin/login/?next=/admin/ HTTP/1.1" 302 0
"GET /admin/ HTTP/1.1" 200 14000
Watching for file changes with StatReloader
"GET / HTTP/1.1" 200 5145
"GET /admin/ HTTP/1.1" 200 14000
"GET / HTTP/1.1" 200 5145
Not Found: /favicon.ico
"GET /favicon.ico HTTP/1.1" 404 5304
"GET /services/ HTTP/1.1" 200 2423
"GET /api/services/ HTTP/1.1" 200 7447
"GET /admin/documents/documenttemplate/add/ HTTP/1.1" 200 20335
"GET /admin/jsi18n/ HTTP/1.1" 200 3343
"GET /static/admin/css/forms.css HTTP/1.1" 200 9047
"GET /static/admin/js/SelectBox.js HTTP/1.1" 200 4530
"GET /static/admin/css/widgets.css HTTP/1.1" 200 11900
"GET /static/admin/js/SelectFilter2.js HTTP/1.1" 200 15292
"GET /static/admin/js/core.js HTTP/1.1" 200 5682
"GET /static/admin/js/jquery.init.js HTTP/1.1" 200 347
"GET /static/admin/js/admin/RelatedObjectLookups.js HTTP/1.1" 200 8943
"GET /static/admin/js/actions.js HTTP/1.1" 200 7872
"GET /static/admin/js/urlify.js HTTP/1.1" 200 7887
"GET /static/admin/js/prepopulate.js HTTP/1.1" 200 1531
"GET /static/admin/js/prepopulate_init.js HTTP/1.1" 200 586
"GET /static/admin/js/vendor/jquery/jquery.js HTTP/1.1" 200 292458
"GET /static/admin/js/vendor/xregexp/xregexp.js HTTP/1.1" 200 232381
"GET /static/admin/js/change_form.js HTTP/1.1" 200 606
"GET /static/admin/img/icon-unknown.svg HTTP/1.1" 200 655
"GET /static/admin/img/search.svg HTTP/1.1" 200 458
"GET /static/admin/img/icon-unknown-alt.svg HTTP/1.1" 200 655
"GET /static/admin/img/selector-icons.svg HTTP/1.1" 200 3291
Watching for file changes with StatReloader
"GET / HTTP/1.1" 200 5145
Not Found: /favicon.ico
"GET /favicon.ico HTTP/1.1" 404 5304
Internal Server Error: /chatbot/
Traceback (most recent call last):
  File "D:\akshaya_project\django\akshaya_backend\venv\lib\site-packages\django\core\handlers\exception.py", line 55, in inner
    response = get_response(request)
  File "D:\akshaya_project\django\akshaya_backend\venv\lib\site-packages\django\core\handlers\base.py", line 220, in _get_response
    response = response.render()
  File "D:\akshaya_project\django\akshaya_backend\venv\lib\site-packages\django\template\response.py", line 114, in render
    self.content = self.rendered_content
  File "D:\akshaya_project\django\akshaya_backend\venv\lib\site-packages\django\template\response.py", line 90, in rendered_content
    template = self.resolve_template(self.template_name)
  File "D:\akshaya_project\django\akshaya_backend\venv\lib\site-packages\django\template\response.py", line 72, in resolve_template
    return select_template(template, using=self.using)
  File "D:\akshaya_project\django\akshaya_backend\venv\lib\site-packages\django\template\loader.py", line 47, in select_template
    raise TemplateDoesNotExist(", ".join(template_name_list), chain=chain)
django.template.exceptions.TemplateDoesNotExist: chatbot.html
"GET /chatbot/ HTTP/1.1" 500 83727
"GET /services/ HTTP/1.1" 200 2423
"GET /api/services/ HTTP/1.1" 200 7447
Not Found: /api/employees/kozhikode/
"GET /api/employees/kozhikode/ HTTP/1.1" 404 23
"GET /api/services/ HTTP/1.1" 200 7447
"OPTIONS /api/services/chatbot/query/ HTTP/1.1" 200 0
Unauthorized: /api/services/chatbot/query/
"POST /api/services/chatbot/query/ HTTP/1.1" 401 58
Watching for file changes with StatReloader
Watching for file changes with StatReloader
"GET / HTTP/1.1" 200 5145
Not Found: /api/employees/kozhikode/
"GET /api/employees/kozhikode/ HTTP/1.1" 404 23
"GET /api/services/ HTTP/1.1" 200 7447
"OPTIONS /api/services/chatbot/query/ HTTP/1.1" 200 0
Unauthorized: /api/services/chatbot/query/
"POST /api/services/chatbot/query/ HTTP/1.1" 401 58
Watching for file changes with StatReloader
Watching for file changes with StatReloader
"GET / HTTP/1.1" 200 5145
"GET /api/services/ HTTP/1.1" 200 7447
"GET /api/employees/ HTTP/1.1" 200 52
"GET /swagger/ HTTP/1.1" 200 2156
Unauthorized: /api/services/chatbot/query/
"POST /api/services/chatbot/query/ HTTP/1.1" 401 58
"GET /api/services/ HTTP/1.1" 200 7447
"GET /api/employees/ HTTP/1.1" 200 52
Not Found: /api/employees/kozhikode/
"GET /api/employees/kozhikode/ HTTP/1.1" 404 23
Not Found: /api/employees/kozhikode/
"GET /api/employees/kozhikode/ HTTP/1.1" 404 23
"GET /api/services/ HTTP/1.1" 200 7447
"OPTIONS /api/services/chatbot/query/ HTTP/1.1" 200 0
Unauthorized: /api/services/chatbot/query/
"POST /api/services/chatbot/query/ HTTP/1.1" 401 58
Not Found: /api/employees/kozhikode/
"GET /api/employees/kozhikode/ HTTP/1.1" 404 23
"GET /api/services/ HTTP/1.1" 200 7447
Unauthorized: /api/services/chatbot/query/
"POST /api/services/chatbot/query/ HTTP/1.1" 401 58
D:\akshaya_project\django\akshaya_backend\services\views.py changed, reloading.
Watching for file changes with StatReloader
Watching for file changes with StatReloader
